<?xml version="1.0" encoding="UTF-8"?>
<testng-results ignored="0" total="3" passed="3" failed="0" skipped="0">
  <reporter-output>
    <line>
      <![CDATA[manish]]>
    </line>
    <line>
      <![CDATA[mounika]]>
    </line>
    <line>
      <![CDATA[syam]]>
    </line>
  </reporter-output>
  <suite started-at="2023-03-23T20:11:08 IST" name="Suite" finished-at="2023-03-23T20:11:08 IST" duration-ms="47">
    <groups>
    </groups>
    <test started-at="2023-03-23T20:11:08 IST" name="Test" finished-at="2023-03-23T20:11:08 IST" duration-ms="47">
      <class name="com.TestNgPackage.TestNGClass">
        <test-method signature="testlogin()[pri:0, instance:com.TestNgPackage.TestNGClass@2e4b8173]" started-at="2023-03-23T20:11:08 IST" name="testlogin" finished-at="2023-03-23T20:11:08 IST" duration-ms="13" status="PASS">
          <reporter-output>
            <line>
              <![CDATA[manish]]>
            </line>
          </reporter-output>
        </test-method> <!-- testlogin -->
        <test-method signature="testlogin1()[pri:0, instance:com.TestNgPackage.TestNGClass@2e4b8173]" started-at="2023-03-23T20:11:08 IST" name="testlogin1" finished-at="2023-03-23T20:11:08 IST" duration-ms="1" status="PASS">
          <reporter-output>
            <line>
              <![CDATA[mounika]]>
            </line>
          </reporter-output>
        </test-method> <!-- testlogin1 -->
        <test-method signature="testlogin2()[pri:0, instance:com.TestNgPackage.TestNGClass@2e4b8173]" started-at="2023-03-23T20:11:08 IST" name="testlogin2" finished-at="2023-03-23T20:11:08 IST" duration-ms="1" status="PASS">
          <reporter-output>
            <line>
              <![CDATA[syam]]>
            </line>
          </reporter-output>
        </test-method> <!-- testlogin2 -->
      </class> <!-- com.TestNgPackage.TestNGClass -->
    </test> <!-- Test -->
  </suite> <!-- Suite -->
</testng-results>
