<?xml version="1.0" encoding="UTF-8"?>
<!-- Generated by org.testng.reporters.JUnitXMLReporter -->
<testsuite ignored="0" hostname="LAPTOP-HK8NORVB" failures="0" tests="3" name="Test" time="0.047" errors="0" timestamp="2023-03-23T20:11:08 IST">
  <testcase classname="com.TestNgPackage.TestNGClass" name="testlogin" time="0.013"/>
  <testcase classname="com.TestNgPackage.TestNGClass" name="testlogin1" time="0.001"/>
  <testcase classname="com.TestNgPackage.TestNGClass" name="testlogin2" time="0.001"/>
</testsuite> <!-- Test -->
